 .nml1 input file:zahb_rsclm.nml1                                                                                                                                                                                                                                                 
 .nml2 input file:run_from_zahb_to_tahb.nml2                                                                                                                                                                                                                                      
CNO MIXTURE CUS      C   0.1733E+00 N   0.5314E-01 O   0.4822E+00 APPLIED TO STARTING MODEL.

 RUN #  1   RESCALE THE INPUT MODEL: "FIRST MODEL".
 RELAX RESCALED MODEL 10 TIMES. RESCALE THE FOLLOWING(0=USE CURRENT VALUE):
 MASS  0.000000   X 0.703000   Z 0.019000   CORE MASS 0.000000

 RUN #  2   RESCALE THE PREVIOUS RUN'S LAST MODEL.
 RELAX RESCALED MODEL 10 TIMES. RESCALE THE FOLLOWING(0=USE CURRENT VALUE):
 MASS  0.950000   X 0.703000   Z 0.019000   CORE MASS-0.800000

 RUN #  3   EVOLVE ***** MODELS, STARTING WITH THE PREVIOUS RUN'S LAST MODEL.
 EVOLVE TO AGE T SET DELT F FINAL AGE  0.00E+00 FIXED TSTEP  0.00E+00 CENTRAL D 0.0000E+00 CENTRAL X   0.0000E+00 CENTRAL Y   0.4000E-03
SPECIES   1 IN SHELL   922 DIFFERS FROM CENTER BY   0.6455E-02 MIX NOT MODIFIED IN EVOLVED MODEL
 Entering HB scale    8.0617997095089322E-004
 HI
 F
 HE
 HE
   1.9000000000000000E-002  0.96788099999999988        1.9630512428697330E-002
   7.1577915000000004E-006
 HE
 HE
 HE
 HE
 in gettau

 RUN= 1 RESCALE  X=0.703000 Z=0.019000 CMIXL=1.680000 NO.MODS=   10
 in gettau
    -3  #SHELLS=3253  LogTeff= 3.65446  Log(L/Lsun)= 1.60220  Age=     0.00000
 in gettau
    -3  #SHELLS=3259  LogTeff= 3.65440  Log(L/Lsun)= 1.60217  Age=     0.00000
 in gettau
    -3  #SHELLS=3257  LogTeff= 3.65440  Log(L/Lsun)= 1.60217  Age=     0.00000
 in gettau
    -3  #SHELLS=3257  LogTeff= 3.65440  Log(L/Lsun)= 1.60217  Age=     0.00000
 in gettau
    -3  #SHELLS=3257  LogTeff= 3.65440  Log(L/Lsun)= 1.60217  Age=     0.00000
 in gettau
    -3  #SHELLS=3257  LogTeff= 3.65440  Log(L/Lsun)= 1.60217  Age=     0.00000
 in gettau
    -3  #SHELLS=3257  LogTeff= 3.65440  Log(L/Lsun)= 1.60217  Age=     0.00000
 in gettau
    -3  #SHELLS=3257  LogTeff= 3.65440  Log(L/Lsun)= 1.60217  Age=     0.00000
 in gettau
    -3  #SHELLS=3257  LogTeff= 3.65440  Log(L/Lsun)= 1.60217  Age=     0.00000
 in gettau
    -3  #SHELLS=3257  LogTeff= 3.65440  Log(L/Lsun)= 1.60217  Age=     0.00000
 Entering HB scale    8.0617997095089322E-004
 Entering old method    3.8761951825308396E-003
 SENV    3.3198772995659267E+030
 Envelope    8.5647836170063999E+032
 hi
 hi
 leaving old method    8.5361285817242560E-004
 Entering HB scale    8.5361285817242560E-004
 Entering old method    3.8829487960650999E-003
 SENV    3.7102834141532378E+030
 Envelope    9.5553240823395926E+032
 hi
 hi
 leaving old method    8.5361285817242560E-004
 HI
 F
 HE
 HE
 HE
 in gettau

 RUN= 2 RESCALE  X=0.703000 Z=0.019000 CMIXL=1.680000 NO.MODS=   10
 in gettau
    -3  #SHELLS=3268  LogTeff= 3.65458  Log(L/Lsun)= 1.61130  Age=     0.00000
 in gettau
    -3  #SHELLS=3271  LogTeff= 3.65458  Log(L/Lsun)= 1.61131  Age=     0.00000
 in gettau
    -3  #SHELLS=3267  LogTeff= 3.65459  Log(L/Lsun)= 1.61131  Age=     0.00000
 in gettau
    -3  #SHELLS=3267  LogTeff= 3.65459  Log(L/Lsun)= 1.61131  Age=     0.00000
 in gettau
    -3  #SHELLS=3267  LogTeff= 3.65459  Log(L/Lsun)= 1.61131  Age=     0.00000
 in gettau
    -3  #SHELLS=3267  LogTeff= 3.65459  Log(L/Lsun)= 1.61131  Age=     0.00000
 in gettau
    -3  #SHELLS=3267  LogTeff= 3.65459  Log(L/Lsun)= 1.61131  Age=     0.00000
 in gettau
    -3  #SHELLS=3267  LogTeff= 3.65459  Log(L/Lsun)= 1.61131  Age=     0.00000
 in gettau
    -3  #SHELLS=3267  LogTeff= 3.65459  Log(L/Lsun)= 1.61131  Age=     0.00000
 in gettau
    -3  #SHELLS=3267  LogTeff= 3.65459  Log(L/Lsun)= 1.61131  Age=     0.00000
 HI
 F
 HE
 HE
 HE
 in gettau

 RUN= 3 EVOLVE   X=0.703000 Z=0.019000 CMIXL=1.680000 NO.MODS=*****
 in gettau
    -2  #SHELLS=3267  LogTeff= 3.65459  Log(L/Lsun)= 1.61131  Age=     0.00000
 in gettau
    -1  #SHELLS=3267  LogTeff= 3.65459  Log(L/Lsun)= 1.61131  Age=     0.00000
 in gettau
     0  #SHELLS=3267  LogTeff= 3.65459  Log(L/Lsun)= 1.61131  Age=     0.00000
 in gettau
     1  #SHELLS=3267  LogTeff= 3.65465  Log(L/Lsun)= 1.61094  Age=     0.00025
LPTIME SET FALSE - TC  8.0664 EGRAV  -0.59E+00
 in gettau
     2  #SHELLS=3270  LogTeff= 3.65408  Log(L/Lsun)= 1.61533  Age=     0.00050
 in gettau
     3  #SHELLS=3267  LogTeff= 3.65337  Log(L/Lsun)= 1.62234  Age=     0.00076
 in gettau
     4  #SHELLS=3272  LogTeff= 3.65282  Log(L/Lsun)= 1.62807  Age=     0.00101
 in gettau
     5  #SHELLS=3270  LogTeff= 3.65240  Log(L/Lsun)= 1.63252  Age=     0.00126
 in gettau
     6  #SHELLS=3272  LogTeff= 3.65205  Log(L/Lsun)= 1.63615  Age=     0.00152
 in gettau
     7  #SHELLS=3270  LogTeff= 3.65176  Log(L/Lsun)= 1.63924  Age=     0.00177
 in gettau
     8  #SHELLS=3271  LogTeff= 3.65151  Log(L/Lsun)= 1.64194  Age=     0.00203
 in gettau
     9  #SHELLS=3271  LogTeff= 3.65129  Log(L/Lsun)= 1.64437  Age=     0.00228
 in gettau
    10  #SHELLS=3272  LogTeff= 3.65109  Log(L/Lsun)= 1.64659  Age=     0.00253
 in gettau
    11  #SHELLS=3272  LogTeff= 3.65091  Log(L/Lsun)= 1.64865  Age=     0.00279
 in gettau
    12  #SHELLS=3272  LogTeff= 3.65074  Log(L/Lsun)= 1.65057  Age=     0.00304
 in gettau
    13  #SHELLS=3272  LogTeff= 3.65058  Log(L/Lsun)= 1.65239  Age=     0.00330
 in gettau
    14  #SHELLS=3273  LogTeff= 3.65043  Log(L/Lsun)= 1.65411  Age=     0.00355
 in gettau
    15  #SHELLS=3272  LogTeff= 3.65028  Log(L/Lsun)= 1.65577  Age=     0.00381
 in gettau
    16  #SHELLS=3273  LogTeff= 3.65015  Log(L/Lsun)= 1.65735  Age=     0.00406
 in gettau
    17  #SHELLS=3273  LogTeff= 3.65002  Log(L/Lsun)= 1.65889  Age=     0.00431
 in gettau
    18  #SHELLS=3274  LogTeff= 3.64989  Log(L/Lsun)= 1.66038  Age=     0.00457
 in gettau
    19  #SHELLS=3274  LogTeff= 3.64977  Log(L/Lsun)= 1.66182  Age=     0.00482
 in gettau
    20  #SHELLS=3273  LogTeff= 3.64965  Log(L/Lsun)= 1.66323  Age=     0.00507
 in gettau
    21  #SHELLS=3274  LogTeff= 3.64954  Log(L/Lsun)= 1.66461  Age=     0.00533
 in gettau
    22  #SHELLS=3274  LogTeff= 3.64942  Log(L/Lsun)= 1.66595  Age=     0.00558
 in gettau
    23  #SHELLS=3275  LogTeff= 3.64932  Log(L/Lsun)= 1.66726  Age=     0.00583
 in gettau
    24  #SHELLS=3274  LogTeff= 3.64921  Log(L/Lsun)= 1.66855  Age=     0.00609
 in gettau
    25  #SHELLS=3274  LogTeff= 3.64911  Log(L/Lsun)= 1.66980  Age=     0.00634
 in gettau
    26  #SHELLS=3275  LogTeff= 3.64901  Log(L/Lsun)= 1.67103  Age=     0.00659
 in gettau
    27  #SHELLS=3275  LogTeff= 3.64892  Log(L/Lsun)= 1.67223  Age=     0.00685
 in gettau
    28  #SHELLS=3275  LogTeff= 3.64882  Log(L/Lsun)= 1.67340  Age=     0.00710
 in gettau
    29  #SHELLS=3275  LogTeff= 3.64873  Log(L/Lsun)= 1.67454  Age=     0.00735
 in gettau
    30  #SHELLS=3275  LogTeff= 3.64864  Log(L/Lsun)= 1.67566  Age=     0.00760
 in gettau
    31  #SHELLS=3275  LogTeff= 3.64856  Log(L/Lsun)= 1.67674  Age=     0.00785
 in gettau
    32  #SHELLS=3275  LogTeff= 3.64848  Log(L/Lsun)= 1.67780  Age=     0.00811
 in gettau
    33  #SHELLS=3275  LogTeff= 3.64840  Log(L/Lsun)= 1.67883  Age=     0.00836
 in gettau
    34  #SHELLS=3276  LogTeff= 3.64832  Log(L/Lsun)= 1.67983  Age=     0.00861
 in gettau
    35  #SHELLS=3276  LogTeff= 3.64825  Log(L/Lsun)= 1.68077  Age=     0.00886
 in gettau
    36  #SHELLS=3276  LogTeff= 3.64819  Log(L/Lsun)= 1.68169  Age=     0.00911
 in gettau
    37  #SHELLS=3276  LogTeff= 3.64812  Log(L/Lsun)= 1.68259  Age=     0.00937
 in gettau
    38  #SHELLS=3276  LogTeff= 3.64806  Log(L/Lsun)= 1.68347  Age=     0.00962
 in gettau
    39  #SHELLS=3276  LogTeff= 3.64799  Log(L/Lsun)= 1.68433  Age=     0.00987
 in gettau
    40  #SHELLS=3276  LogTeff= 3.64794  Log(L/Lsun)= 1.68516  Age=     0.01012
 in gettau
    41  #SHELLS=3277  LogTeff= 3.64788  Log(L/Lsun)= 1.68596  Age=     0.01037
 in gettau
    42  #SHELLS=3277  LogTeff= 3.64783  Log(L/Lsun)= 1.68674  Age=     0.01062
 in gettau
    43  #SHELLS=3277  LogTeff= 3.64778  Log(L/Lsun)= 1.68750  Age=     0.01087
 in gettau
    44  #SHELLS=3276  LogTeff= 3.64773  Log(L/Lsun)= 1.68823  Age=     0.01112
 in gettau
    45  #SHELLS=3277  LogTeff= 3.64768  Log(L/Lsun)= 1.68895  Age=     0.01137
 in gettau
    46  #SHELLS=3277  LogTeff= 3.64763  Log(L/Lsun)= 1.68965  Age=     0.01162
 in gettau
    47  #SHELLS=3278  LogTeff= 3.64759  Log(L/Lsun)= 1.69034  Age=     0.01187
 in gettau
    48  #SHELLS=3279  LogTeff= 3.64755  Log(L/Lsun)= 1.69101  Age=     0.01212
 in gettau
    49  #SHELLS=3279  LogTeff= 3.64751  Log(L/Lsun)= 1.69163  Age=     0.01237
 in gettau
    50  #SHELLS=3278  LogTeff= 3.64747  Log(L/Lsun)= 1.69225  Age=     0.01262
 in gettau
    51  #SHELLS=3278  LogTeff= 3.64743  Log(L/Lsun)= 1.69289  Age=     0.01287
 in gettau
    52  #SHELLS=3278  LogTeff= 3.64739  Log(L/Lsun)= 1.69353  Age=     0.01312
 in gettau
    53  #SHELLS=3279  LogTeff= 3.64735  Log(L/Lsun)= 1.69417  Age=     0.01337
 in gettau
    54  #SHELLS=3279  LogTeff= 3.64731  Log(L/Lsun)= 1.69481  Age=     0.01362
 in gettau
    55  #SHELLS=3278  LogTeff= 3.64727  Log(L/Lsun)= 1.69545  Age=     0.01387
 in gettau
    56  #SHELLS=3278  LogTeff= 3.64723  Log(L/Lsun)= 1.69609  Age=     0.01412
 in gettau
    57  #SHELLS=3279  LogTeff= 3.64719  Log(L/Lsun)= 1.69673  Age=     0.01437
 in gettau
    58  #SHELLS=3279  LogTeff= 3.64715  Log(L/Lsun)= 1.69738  Age=     0.01462
 in gettau
    59  #SHELLS=3279  LogTeff= 3.64711  Log(L/Lsun)= 1.69802  Age=     0.01487
 in gettau
    60  #SHELLS=3279  LogTeff= 3.64707  Log(L/Lsun)= 1.69868  Age=     0.01511
 in gettau
    61  #SHELLS=3279  LogTeff= 3.64703  Log(L/Lsun)= 1.69933  Age=     0.01536
 in gettau
    62  #SHELLS=3279  LogTeff= 3.64699  Log(L/Lsun)= 1.69999  Age=     0.01561
 in gettau
    63  #SHELLS=3279  LogTeff= 3.64695  Log(L/Lsun)= 1.70059  Age=     0.01586
 in gettau
    64  #SHELLS=3279  LogTeff= 3.64692  Log(L/Lsun)= 1.70122  Age=     0.01611
 in gettau
    65  #SHELLS=3279  LogTeff= 3.64687  Log(L/Lsun)= 1.70189  Age=     0.01635
 in gettau
    66  #SHELLS=3279  LogTeff= 3.64683  Log(L/Lsun)= 1.70257  Age=     0.01660
 in gettau
    67  #SHELLS=3279  LogTeff= 3.64679  Log(L/Lsun)= 1.70326  Age=     0.01685
 in gettau
    68  #SHELLS=3279  LogTeff= 3.64674  Log(L/Lsun)= 1.70395  Age=     0.01709
 in gettau
    69  #SHELLS=3279  LogTeff= 3.64670  Log(L/Lsun)= 1.70466  Age=     0.01734
 in gettau
    70  #SHELLS=3280  LogTeff= 3.64665  Log(L/Lsun)= 1.70536  Age=     0.01759
 in gettau
    71  #SHELLS=3281  LogTeff= 3.64661  Log(L/Lsun)= 1.70607  Age=     0.01783
 in gettau
    72  #SHELLS=3280  LogTeff= 3.64656  Log(L/Lsun)= 1.70679  Age=     0.01808
 in gettau
    73  #SHELLS=3280  LogTeff= 3.64651  Log(L/Lsun)= 1.70751  Age=     0.01833
 in gettau
    74  #SHELLS=3282  LogTeff= 3.64646  Log(L/Lsun)= 1.70824  Age=     0.01857
 in gettau
    75  #SHELLS=3282  LogTeff= 3.64642  Log(L/Lsun)= 1.70897  Age=     0.01882
 in gettau
    76  #SHELLS=3282  LogTeff= 3.64638  Log(L/Lsun)= 1.70962  Age=     0.01906
 in gettau
    77  #SHELLS=3282  LogTeff= 3.64633  Log(L/Lsun)= 1.71031  Age=     0.01931
 in gettau
    78  #SHELLS=3282  LogTeff= 3.64629  Log(L/Lsun)= 1.71103  Age=     0.01956
 in gettau
    79  #SHELLS=3282  LogTeff= 3.64624  Log(L/Lsun)= 1.71178  Age=     0.01980
 in gettau
    80  #SHELLS=3282  LogTeff= 3.64619  Log(L/Lsun)= 1.71254  Age=     0.02005
 in gettau
    81  #SHELLS=3283  LogTeff= 3.64614  Log(L/Lsun)= 1.71329  Age=     0.02029
 in gettau
    82  #SHELLS=3283  LogTeff= 3.64609  Log(L/Lsun)= 1.71406  Age=     0.02054
 in gettau
    83  #SHELLS=3282  LogTeff= 3.64603  Log(L/Lsun)= 1.71483  Age=     0.02078
 in gettau
    84  #SHELLS=3282  LogTeff= 3.64598  Log(L/Lsun)= 1.71560  Age=     0.02103
 in gettau
    85  #SHELLS=3283  LogTeff= 3.64593  Log(L/Lsun)= 1.71637  Age=     0.02127
 in gettau
    86  #SHELLS=3283  LogTeff= 3.64588  Log(L/Lsun)= 1.71715  Age=     0.02151
 in gettau
    87  #SHELLS=3282  LogTeff= 3.64583  Log(L/Lsun)= 1.71793  Age=     0.02176
 in gettau
    88  #SHELLS=3282  LogTeff= 3.64577  Log(L/Lsun)= 1.71872  Age=     0.02200
 in gettau
    89  #SHELLS=3282  LogTeff= 3.64572  Log(L/Lsun)= 1.71951  Age=     0.02224
 in gettau
    90  #SHELLS=3282  LogTeff= 3.64568  Log(L/Lsun)= 1.72019  Age=     0.02249
 in gettau
    91  #SHELLS=3282  LogTeff= 3.64563  Log(L/Lsun)= 1.72092  Age=     0.02273
 in gettau
    92  #SHELLS=3283  LogTeff= 3.64558  Log(L/Lsun)= 1.72170  Age=     0.02298
 in gettau
    93  #SHELLS=3282  LogTeff= 3.64553  Log(L/Lsun)= 1.72250  Age=     0.02322
 in gettau
    94  #SHELLS=3282  LogTeff= 3.64547  Log(L/Lsun)= 1.72331  Age=     0.02346
 in gettau
    95  #SHELLS=3282  LogTeff= 3.64542  Log(L/Lsun)= 1.72412  Age=     0.02370
 in gettau
    96  #SHELLS=3283  LogTeff= 3.64536  Log(L/Lsun)= 1.72494  Age=     0.02395
 in gettau
    97  #SHELLS=3283  LogTeff= 3.64530  Log(L/Lsun)= 1.72576  Age=     0.02419
 in gettau
    98  #SHELLS=3283  LogTeff= 3.64525  Log(L/Lsun)= 1.72658  Age=     0.02443
 in gettau
    99  #SHELLS=3284  LogTeff= 3.64519  Log(L/Lsun)= 1.72741  Age=     0.02467
 in gettau
   100  #SHELLS=3284  LogTeff= 3.64514  Log(L/Lsun)= 1.72824  Age=     0.02492
 in gettau
   101  #SHELLS=3284  LogTeff= 3.64508  Log(L/Lsun)= 1.72907  Age=     0.02516
 in gettau
   102  #SHELLS=3285  LogTeff= 3.64502  Log(L/Lsun)= 1.72991  Age=     0.02540
 in gettau
   103  #SHELLS=3285  LogTeff= 3.64496  Log(L/Lsun)= 1.73075  Age=     0.02564
 in gettau
   104  #SHELLS=3284  LogTeff= 3.64492  Log(L/Lsun)= 1.73146  Age=     0.02588
 in gettau
   105  #SHELLS=3284  LogTeff= 3.64487  Log(L/Lsun)= 1.73222  Age=     0.02612
 in gettau
   106  #SHELLS=3285  LogTeff= 3.64481  Log(L/Lsun)= 1.73304  Age=     0.02636
 in gettau
   107  #SHELLS=3285  LogTeff= 3.64476  Log(L/Lsun)= 1.73389  Age=     0.02661
 in gettau
   108  #SHELLS=3285  LogTeff= 3.64470  Log(L/Lsun)= 1.73475  Age=     0.02685
 in gettau
   109  #SHELLS=3285  LogTeff= 3.64464  Log(L/Lsun)= 1.73562  Age=     0.02709
 in gettau
   110  #SHELLS=3285  LogTeff= 3.64458  Log(L/Lsun)= 1.73649  Age=     0.02733
 in gettau
   111  #SHELLS=3285  LogTeff= 3.64452  Log(L/Lsun)= 1.73736  Age=     0.02757
 in gettau
   112  #SHELLS=3286  LogTeff= 3.64446  Log(L/Lsun)= 1.73824  Age=     0.02781
 in gettau
   113  #SHELLS=3286  LogTeff= 3.64440  Log(L/Lsun)= 1.73912  Age=     0.02805
 in gettau
   114  #SHELLS=3285  LogTeff= 3.64433  Log(L/Lsun)= 1.74000  Age=     0.02829
 in gettau
   115  #SHELLS=3285  LogTeff= 3.64427  Log(L/Lsun)= 1.74089  Age=     0.02853
 in gettau
   116  #SHELLS=3286  LogTeff= 3.64421  Log(L/Lsun)= 1.74178  Age=     0.02877
 in gettau
   117  #SHELLS=3286  LogTeff= 3.64417  Log(L/Lsun)= 1.74251  Age=     0.02901
 in gettau
   118  #SHELLS=3286  LogTeff= 3.64411  Log(L/Lsun)= 1.74330  Age=     0.02925
 in gettau
   119  #SHELLS=3286  LogTeff= 3.64405  Log(L/Lsun)= 1.74417  Age=     0.02949
 in gettau
   120  #SHELLS=3286  LogTeff= 3.64399  Log(L/Lsun)= 1.74507  Age=     0.02972
 in gettau
   121  #SHELLS=3286  LogTeff= 3.64393  Log(L/Lsun)= 1.74598  Age=     0.02996
 in gettau
   122  #SHELLS=3287  LogTeff= 3.64386  Log(L/Lsun)= 1.74690  Age=     0.03020
 in gettau
   123  #SHELLS=3287  LogTeff= 3.64380  Log(L/Lsun)= 1.74782  Age=     0.03044
 in gettau
   124  #SHELLS=3286  LogTeff= 3.64373  Log(L/Lsun)= 1.74875  Age=     0.03068
 in gettau
   125  #SHELLS=3287  LogTeff= 3.64367  Log(L/Lsun)= 1.74968  Age=     0.03092
 in gettau
   126  #SHELLS=3287  LogTeff= 3.64360  Log(L/Lsun)= 1.75061  Age=     0.03116
 in gettau
   127  #SHELLS=3287  LogTeff= 3.64354  Log(L/Lsun)= 1.75155  Age=     0.03139
 in gettau
   128  #SHELLS=3289  LogTeff= 3.64347  Log(L/Lsun)= 1.75250  Age=     0.03163
 in gettau
   129  #SHELLS=3288  LogTeff= 3.64341  Log(L/Lsun)= 1.75345  Age=     0.03187
 in gettau
   130  #SHELLS=3288  LogTeff= 3.64336  Log(L/Lsun)= 1.75419  Age=     0.03211
 in gettau
   131  #SHELLS=3289  LogTeff= 3.64330  Log(L/Lsun)= 1.75502  Age=     0.03234
 in gettau
   132  #SHELLS=3289  LogTeff= 3.64324  Log(L/Lsun)= 1.75594  Age=     0.03258
 in gettau
   133  #SHELLS=3288  LogTeff= 3.64317  Log(L/Lsun)= 1.75689  Age=     0.03282
 in gettau
   134  #SHELLS=3288  LogTeff= 3.64310  Log(L/Lsun)= 1.75787  Age=     0.03305
 in gettau
   135  #SHELLS=3289  LogTeff= 3.64303  Log(L/Lsun)= 1.75884  Age=     0.03329
 in gettau
   136  #SHELLS=3289  LogTeff= 3.64296  Log(L/Lsun)= 1.75983  Age=     0.03353
 in gettau
   137  #SHELLS=3290  LogTeff= 3.64290  Log(L/Lsun)= 1.76082  Age=     0.03376
 in gettau
   138  #SHELLS=3289  LogTeff= 3.64282  Log(L/Lsun)= 1.76181  Age=     0.03400
 in gettau
   139  #SHELLS=3289  LogTeff= 3.64275  Log(L/Lsun)= 1.76281  Age=     0.03424
 in gettau
   140  #SHELLS=3290  LogTeff= 3.64268  Log(L/Lsun)= 1.76381  Age=     0.03447
 in gettau
   141  #SHELLS=3290  LogTeff= 3.64261  Log(L/Lsun)= 1.76482  Age=     0.03471
 in gettau
   142  #SHELLS=3290  LogTeff= 3.64254  Log(L/Lsun)= 1.76583  Age=     0.03494
 in gettau
   143  #SHELLS=3290  LogTeff= 3.64249  Log(L/Lsun)= 1.76660  Age=     0.03518
 in gettau
   144  #SHELLS=3290  LogTeff= 3.64243  Log(L/Lsun)= 1.76747  Age=     0.03541
 in gettau
   145  #SHELLS=3290  LogTeff= 3.64236  Log(L/Lsun)= 1.76844  Age=     0.03565
 in gettau
   146  #SHELLS=3291  LogTeff= 3.64229  Log(L/Lsun)= 1.76946  Age=     0.03589
 in gettau
   147  #SHELLS=3289  LogTeff= 3.64222  Log(L/Lsun)= 1.77050  Age=     0.03612
 in gettau
   148  #SHELLS=3289  LogTeff= 3.64214  Log(L/Lsun)= 1.77155  Age=     0.03636
 in gettau
   149  #SHELLS=3290  LogTeff= 3.64207  Log(L/Lsun)= 1.77261  Age=     0.03659
 in gettau
   150  #SHELLS=3290  LogTeff= 3.64199  Log(L/Lsun)= 1.77366  Age=     0.03682
 in gettau
   151  #SHELLS=3291  LogTeff= 3.64191  Log(L/Lsun)= 1.77473  Age=     0.03706
 in gettau
   152  #SHELLS=3290  LogTeff= 3.64184  Log(L/Lsun)= 1.77580  Age=     0.03729
 in gettau
   153  #SHELLS=3290  LogTeff= 3.64176  Log(L/Lsun)= 1.77688  Age=     0.03753
 in gettau
   154  #SHELLS=3291  LogTeff= 3.64168  Log(L/Lsun)= 1.77796  Age=     0.03776
 in gettau
   155  #SHELLS=3291  LogTeff= 3.64163  Log(L/Lsun)= 1.77875  Age=     0.03799
 in gettau
   156  #SHELLS=3290  LogTeff= 3.64157  Log(L/Lsun)= 1.77966  Age=     0.03823
 in gettau
   157  #SHELLS=3291  LogTeff= 3.64150  Log(L/Lsun)= 1.78069  Age=     0.03846
 in gettau
   158  #SHELLS=3292  LogTeff= 3.64142  Log(L/Lsun)= 1.78178  Age=     0.03870
 in gettau
   159  #SHELLS=3292  LogTeff= 3.64134  Log(L/Lsun)= 1.78290  Age=     0.03893
 in gettau
   160  #SHELLS=3293  LogTeff= 3.64126  Log(L/Lsun)= 1.78402  Age=     0.03916
 in gettau
   161  #SHELLS=3292  LogTeff= 3.64118  Log(L/Lsun)= 1.78515  Age=     0.03939
 in gettau
   162  #SHELLS=3293  LogTeff= 3.64109  Log(L/Lsun)= 1.78628  Age=     0.03963
 in gettau
   163  #SHELLS=3293  LogTeff= 3.64101  Log(L/Lsun)= 1.78742  Age=     0.03986
 in gettau
   164  #SHELLS=3293  LogTeff= 3.64093  Log(L/Lsun)= 1.78857  Age=     0.04009
 in gettau
   165  #SHELLS=3293  LogTeff= 3.64084  Log(L/Lsun)= 1.78973  Age=     0.04032
 in gettau
   166  #SHELLS=3293  LogTeff= 3.64076  Log(L/Lsun)= 1.79089  Age=     0.04056
 in gettau
   167  #SHELLS=3294  LogTeff= 3.64067  Log(L/Lsun)= 1.79206  Age=     0.04079
 in gettau
   168  #SHELLS=3294  LogTeff= 3.64062  Log(L/Lsun)= 1.79287  Age=     0.04102
 in gettau
   169  #SHELLS=3293  LogTeff= 3.64056  Log(L/Lsun)= 1.79383  Age=     0.04125
 in gettau
   170  #SHELLS=3294  LogTeff= 3.64048  Log(L/Lsun)= 1.79494  Age=     0.04148
 in gettau
   171  #SHELLS=3295  LogTeff= 3.64039  Log(L/Lsun)= 1.79612  Age=     0.04171
 in gettau
   172  #SHELLS=3296  LogTeff= 3.64030  Log(L/Lsun)= 1.79733  Age=     0.04195
 in gettau
   173  #SHELLS=3296  LogTeff= 3.64021  Log(L/Lsun)= 1.79854  Age=     0.04218
 in gettau
   174  #SHELLS=3295  LogTeff= 3.64012  Log(L/Lsun)= 1.79976  Age=     0.04241
 in gettau
   175  #SHELLS=3296  LogTeff= 3.64003  Log(L/Lsun)= 1.80099  Age=     0.04264
 in gettau
   176  #SHELLS=3296  LogTeff= 3.63994  Log(L/Lsun)= 1.80223  Age=     0.04287
 in gettau
   177  #SHELLS=3297  LogTeff= 3.63985  Log(L/Lsun)= 1.80348  Age=     0.04310
 in gettau
   178  #SHELLS=3296  LogTeff= 3.63976  Log(L/Lsun)= 1.80474  Age=     0.04333
 in gettau
   179  #SHELLS=3297  LogTeff= 3.63967  Log(L/Lsun)= 1.80600  Age=     0.04356
 in gettau
   180  #SHELLS=3297  LogTeff= 3.63961  Log(L/Lsun)= 1.80684  Age=     0.04379
 in gettau
   181  #SHELLS=3297  LogTeff= 3.63954  Log(L/Lsun)= 1.80785  Age=     0.04402
 in gettau
   182  #SHELLS=3297  LogTeff= 3.63946  Log(L/Lsun)= 1.80904  Age=     0.04425
 in gettau
   183  #SHELLS=3297  LogTeff= 3.63936  Log(L/Lsun)= 1.81030  Age=     0.04448
 in gettau
   184  #SHELLS=3298  LogTeff= 3.63927  Log(L/Lsun)= 1.81159  Age=     0.04470
 in gettau
   185  #SHELLS=3298  LogTeff= 3.63917  Log(L/Lsun)= 1.81290  Age=     0.04493
 in gettau
   186  #SHELLS=3297  LogTeff= 3.63908  Log(L/Lsun)= 1.81420  Age=     0.04516
 in gettau
   187  #SHELLS=3298  LogTeff= 3.63898  Log(L/Lsun)= 1.81551  Age=     0.04538
 in gettau
   188  #SHELLS=3298  LogTeff= 3.63888  Log(L/Lsun)= 1.81683  Age=     0.04560
 in gettau
   189  #SHELLS=3299  LogTeff= 3.63878  Log(L/Lsun)= 1.81816  Age=     0.04583
 in gettau
   190  #SHELLS=3298  LogTeff= 3.63868  Log(L/Lsun)= 1.81948  Age=     0.04605
 in gettau
   191  #SHELLS=3298  LogTeff= 3.63859  Log(L/Lsun)= 1.82082  Age=     0.04627
 in gettau
   192  #SHELLS=3298  LogTeff= 3.63853  Log(L/Lsun)= 1.82165  Age=     0.04649
 in gettau
   193  #SHELLS=3300  LogTeff= 3.63851  Log(L/Lsun)= 1.82217  Age=     0.04671
 in gettau
   194  #SHELLS=3299  LogTeff= 3.63845  Log(L/Lsun)= 1.82308  Age=     0.04693
 in gettau
   195  #SHELLS=3299  LogTeff= 3.63836  Log(L/Lsun)= 1.82428  Age=     0.04715
 in gettau
   196  #SHELLS=3300  LogTeff= 3.63826  Log(L/Lsun)= 1.82560  Age=     0.04737
 in gettau
   197  #SHELLS=3300  LogTeff= 3.63816  Log(L/Lsun)= 1.82696  Age=     0.04759
 in gettau
   198  #SHELLS=3301  LogTeff= 3.63806  Log(L/Lsun)= 1.82832  Age=     0.04780
 in gettau
   199  #SHELLS=3300  LogTeff= 3.63795  Log(L/Lsun)= 1.82970  Age=     0.04802
 in gettau
   200  #SHELLS=3300  LogTeff= 3.63785  Log(L/Lsun)= 1.83108  Age=     0.04823
 in gettau
   201  #SHELLS=3301  LogTeff= 3.63775  Log(L/Lsun)= 1.83246  Age=     0.04845
 in gettau
   202  #SHELLS=3301  LogTeff= 3.63764  Log(L/Lsun)= 1.83385  Age=     0.04866
 in gettau
   203  #SHELLS=3301  LogTeff= 3.63754  Log(L/Lsun)= 1.83525  Age=     0.04887
 in gettau
   204  #SHELLS=3301  LogTeff= 3.63743  Log(L/Lsun)= 1.83665  Age=     0.04908
 in gettau
   205  #SHELLS=3302  LogTeff= 3.63733  Log(L/Lsun)= 1.83806  Age=     0.04929
 in gettau
   206  #SHELLS=3302  LogTeff= 3.63722  Log(L/Lsun)= 1.83948  Age=     0.04950
 in gettau
   207  #SHELLS=3302  LogTeff= 3.63711  Log(L/Lsun)= 1.84090  Age=     0.04971
 in gettau
   208  #SHELLS=3302  LogTeff= 3.63701  Log(L/Lsun)= 1.84232  Age=     0.04992
 in gettau
   209  #SHELLS=3303  LogTeff= 3.63690  Log(L/Lsun)= 1.84376  Age=     0.05013
 in gettau
   210  #SHELLS=3303  LogTeff= 3.63679  Log(L/Lsun)= 1.84520  Age=     0.05033
 in gettau
   211  #SHELLS=3303  LogTeff= 3.63668  Log(L/Lsun)= 1.84665  Age=     0.05054
 in gettau
   212  #SHELLS=3303  LogTeff= 3.63657  Log(L/Lsun)= 1.84810  Age=     0.05074
 in gettau
   213  #SHELLS=3304  LogTeff= 3.63646  Log(L/Lsun)= 1.84956  Age=     0.05095
 in gettau
   214  #SHELLS=3304  LogTeff= 3.63635  Log(L/Lsun)= 1.85102  Age=     0.05115
 in gettau
   215  #SHELLS=3304  LogTeff= 3.63624  Log(L/Lsun)= 1.85250  Age=     0.05135
 in gettau
   216  #SHELLS=3304  LogTeff= 3.63619  Log(L/Lsun)= 1.85329  Age=     0.05155
 in gettau
   217  #SHELLS=3305  LogTeff= 3.63618  Log(L/Lsun)= 1.85365  Age=     0.05175
 in gettau
   218  #SHELLS=3304  LogTeff= 3.63612  Log(L/Lsun)= 1.85451  Age=     0.05195
 in gettau
   219  #SHELLS=3304  LogTeff= 3.63603  Log(L/Lsun)= 1.85576  Age=     0.05215
 in gettau
   220  #SHELLS=3305  LogTeff= 3.63592  Log(L/Lsun)= 1.85719  Age=     0.05235
 in gettau
   221  #SHELLS=3305  LogTeff= 3.63581  Log(L/Lsun)= 1.85868  Age=     0.05255
 in gettau
   222  #SHELLS=3306  LogTeff= 3.63569  Log(L/Lsun)= 1.86020  Age=     0.05275
 in gettau
   223  #SHELLS=3305  LogTeff= 3.63557  Log(L/Lsun)= 1.86172  Age=     0.05295
 in gettau
   224  #SHELLS=3306  LogTeff= 3.63546  Log(L/Lsun)= 1.86325  Age=     0.05314
 in gettau
   225  #SHELLS=3306  LogTeff= 3.63534  Log(L/Lsun)= 1.86478  Age=     0.05334
 in gettau
   226  #SHELLS=3307  LogTeff= 3.63522  Log(L/Lsun)= 1.86632  Age=     0.05353
 in gettau
   227  #SHELLS=3306  LogTeff= 3.63510  Log(L/Lsun)= 1.86786  Age=     0.05373
 in gettau
   228  #SHELLS=3306  LogTeff= 3.63499  Log(L/Lsun)= 1.86941  Age=     0.05392
 in gettau
   229  #SHELLS=3306  LogTeff= 3.63487  Log(L/Lsun)= 1.87097  Age=     0.05411
 in gettau
   230  #SHELLS=3307  LogTeff= 3.63475  Log(L/Lsun)= 1.87254  Age=     0.05430
 in gettau
   231  #SHELLS=3307  LogTeff= 3.63463  Log(L/Lsun)= 1.87411  Age=     0.05449
 in gettau
   232  #SHELLS=3307  LogTeff= 3.63450  Log(L/Lsun)= 1.87569  Age=     0.05468
 in gettau
   233  #SHELLS=3308  LogTeff= 3.63438  Log(L/Lsun)= 1.87728  Age=     0.05487
 in gettau
   234  #SHELLS=3308  LogTeff= 3.63426  Log(L/Lsun)= 1.87888  Age=     0.05505
 in gettau
   235  #SHELLS=3308  LogTeff= 3.63414  Log(L/Lsun)= 1.88048  Age=     0.05524
 in gettau
   236  #SHELLS=3308  LogTeff= 3.63401  Log(L/Lsun)= 1.88209  Age=     0.05543
 in gettau
   237  #SHELLS=3309  LogTeff= 3.63389  Log(L/Lsun)= 1.88371  Age=     0.05561
 in gettau
   238  #SHELLS=3309  LogTeff= 3.63376  Log(L/Lsun)= 1.88534  Age=     0.05579
 in gettau
   239  #SHELLS=3309  LogTeff= 3.63364  Log(L/Lsun)= 1.88697  Age=     0.05598
 in gettau
   240  #SHELLS=3310  LogTeff= 3.63359  Log(L/Lsun)= 1.88771  Age=     0.05616
 in gettau
   241  #SHELLS=3310  LogTeff= 3.63360  Log(L/Lsun)= 1.88783  Age=     0.05634
 in gettau
   242  #SHELLS=3310  LogTeff= 3.63364  Log(L/Lsun)= 1.88769  Age=     0.05652
 in gettau
   243  #SHELLS=3310  LogTeff= 3.63368  Log(L/Lsun)= 1.88745  Age=     0.05670
 in gettau
   244  #SHELLS=3310  LogTeff= 3.63364  Log(L/Lsun)= 1.88808  Age=     0.05689
 in gettau
   245  #SHELLS=3309  LogTeff= 3.63354  Log(L/Lsun)= 1.88934  Age=     0.05707
 in gettau
   246  #SHELLS=3310  LogTeff= 3.63342  Log(L/Lsun)= 1.89089  Age=     0.05725
 in gettau
   247  #SHELLS=3310  LogTeff= 3.63329  Log(L/Lsun)= 1.89255  Age=     0.05743
 in gettau
   248  #SHELLS=3311  LogTeff= 3.63316  Log(L/Lsun)= 1.89424  Age=     0.05761
 in gettau
   249  #SHELLS=3311  LogTeff= 3.63303  Log(L/Lsun)= 1.89594  Age=     0.05779
 in gettau
   250  #SHELLS=3311  LogTeff= 3.63290  Log(L/Lsun)= 1.89764  Age=     0.05797
 in gettau
   251  #SHELLS=3312  LogTeff= 3.63277  Log(L/Lsun)= 1.89935  Age=     0.05814
 in gettau
   252  #SHELLS=3312  LogTeff= 3.63263  Log(L/Lsun)= 1.90106  Age=     0.05832
 in gettau
   253  #SHELLS=3312  LogTeff= 3.63250  Log(L/Lsun)= 1.90277  Age=     0.05849
 in gettau
   254  #SHELLS=3312  LogTeff= 3.63236  Log(L/Lsun)= 1.90450  Age=     0.05867
 in gettau
   255  #SHELLS=3313  LogTeff= 3.63223  Log(L/Lsun)= 1.90623  Age=     0.05884
 in gettau
   256  #SHELLS=3314  LogTeff= 3.63209  Log(L/Lsun)= 1.90797  Age=     0.05901
 in gettau
   257  #SHELLS=3313  LogTeff= 3.63196  Log(L/Lsun)= 1.90972  Age=     0.05918
 in gettau
   258  #SHELLS=3314  LogTeff= 3.63182  Log(L/Lsun)= 1.91147  Age=     0.05936
 in gettau
   259  #SHELLS=3314  LogTeff= 3.63168  Log(L/Lsun)= 1.91323  Age=     0.05953
 in gettau
   260  #SHELLS=3315  LogTeff= 3.63154  Log(L/Lsun)= 1.91500  Age=     0.05969
 in gettau
   261  #SHELLS=3315  LogTeff= 3.63140  Log(L/Lsun)= 1.91678  Age=     0.05986
 in gettau
   262  #SHELLS=3315  LogTeff= 3.63126  Log(L/Lsun)= 1.91857  Age=     0.06003
 in gettau
   263  #SHELLS=3315  LogTeff= 3.63112  Log(L/Lsun)= 1.92036  Age=     0.06020
 in gettau
   264  #SHELLS=3316  LogTeff= 3.63098  Log(L/Lsun)= 1.92216  Age=     0.06036
 in gettau
   265  #SHELLS=3315  LogTeff= 3.63084  Log(L/Lsun)= 1.92397  Age=     0.06053
 in gettau
   266  #SHELLS=3316  LogTeff= 3.63069  Log(L/Lsun)= 1.92579  Age=     0.06069
 in gettau
   267  #SHELLS=3316  LogTeff= 3.63055  Log(L/Lsun)= 1.92762  Age=     0.06085
 in gettau
   268  #SHELLS=3317  LogTeff= 3.63041  Log(L/Lsun)= 1.92946  Age=     0.06102
 in gettau
   269  #SHELLS=3317  LogTeff= 3.63026  Log(L/Lsun)= 1.93130  Age=     0.06118
 in gettau
   270  #SHELLS=3317  LogTeff= 3.63011  Log(L/Lsun)= 1.93315  Age=     0.06134
 in gettau
   271  #SHELLS=3318  LogTeff= 3.62997  Log(L/Lsun)= 1.93502  Age=     0.06150
 in gettau
   272  #SHELLS=3319  LogTeff= 3.62982  Log(L/Lsun)= 1.93689  Age=     0.06166
 in gettau
   273  #SHELLS=3318  LogTeff= 3.62967  Log(L/Lsun)= 1.93877  Age=     0.06181
 in gettau
   274  #SHELLS=3319  LogTeff= 3.62952  Log(L/Lsun)= 1.94066  Age=     0.06197
 in gettau
   275  #SHELLS=3319  LogTeff= 3.62937  Log(L/Lsun)= 1.94256  Age=     0.06213
 in gettau
   276  #SHELLS=3320  LogTeff= 3.62922  Log(L/Lsun)= 1.94447  Age=     0.06228
 in gettau
   277  #SHELLS=3320  LogTeff= 3.62907  Log(L/Lsun)= 1.94640  Age=     0.06244
 in gettau
   278  #SHELLS=3320  LogTeff= 3.62891  Log(L/Lsun)= 1.94833  Age=     0.06259
 in gettau
   279  #SHELLS=3321  LogTeff= 3.62876  Log(L/Lsun)= 1.95026  Age=     0.06274
 in gettau
   280  #SHELLS=3321  LogTeff= 3.62860  Log(L/Lsun)= 1.95221  Age=     0.06289
 in gettau
   281  #SHELLS=3321  LogTeff= 3.62845  Log(L/Lsun)= 1.95417  Age=     0.06305
 in gettau
   282  #SHELLS=3322  LogTeff= 3.62829  Log(L/Lsun)= 1.95614  Age=     0.06320
 in gettau
   283  #SHELLS=3323  LogTeff= 3.62813  Log(L/Lsun)= 1.95812  Age=     0.06335
 in gettau
   284  #SHELLS=3322  LogTeff= 3.62798  Log(L/Lsun)= 1.96011  Age=     0.06349
 in gettau
   285  #SHELLS=3323  LogTeff= 3.62782  Log(L/Lsun)= 1.96211  Age=     0.06364
 in gettau
   286  #SHELLS=3324  LogTeff= 3.62766  Log(L/Lsun)= 1.96412  Age=     0.06379
 in gettau
   287  #SHELLS=3324  LogTeff= 3.62749  Log(L/Lsun)= 1.96615  Age=     0.06393
 in gettau
   288  #SHELLS=3324  LogTeff= 3.62733  Log(L/Lsun)= 1.96818  Age=     0.06408
 in gettau
   289  #SHELLS=3324  LogTeff= 3.62731  Log(L/Lsun)= 1.96866  Age=     0.06422
 in gettau
   290  #SHELLS=3325  LogTeff= 3.62780  Log(L/Lsun)= 1.96353  Age=     0.06437
 in gettau
   291  #SHELLS=3325  LogTeff= 3.62953  Log(L/Lsun)= 1.94521  Age=     0.06452
 in gettau
   292  #SHELLS=3322  LogTeff= 3.63252  Log(L/Lsun)= 1.91219  Age=     0.06467
 in gettau
   293  #SHELLS=3316  LogTeff= 3.63478  Log(L/Lsun)= 1.88750  Age=     0.06479
 in gettau
   294  #SHELLS=3310  LogTeff= 3.63597  Log(L/Lsun)= 1.87458  Age=     0.06489
 in gettau
   295  #SHELLS=3307  LogTeff= 3.63662  Log(L/Lsun)= 1.86730  Age=     0.06499
 in gettau
   296  #SHELLS=3304  LogTeff= 3.63690  Log(L/Lsun)= 1.86402  Age=     0.06512
 in gettau
   297  #SHELLS=3304  LogTeff= 3.63689  Log(L/Lsun)= 1.86396  Age=     0.06528
 in gettau
   298  #SHELLS=3304  LogTeff= 3.63676  Log(L/Lsun)= 1.86554  Age=     0.06548
 in gettau
   299  #SHELLS=3305  LogTeff= 3.63660  Log(L/Lsun)= 1.86740  Age=     0.06568
 in gettau
   300  #SHELLS=3304  LogTeff= 3.63645  Log(L/Lsun)= 1.86921  Age=     0.06588
 in gettau
   301  #SHELLS=3305  LogTeff= 3.63631  Log(L/Lsun)= 1.87095  Age=     0.06608
 in gettau
   302  #SHELLS=3304  LogTeff= 3.63618  Log(L/Lsun)= 1.87264  Age=     0.06628
 in gettau
   303  #SHELLS=3305  LogTeff= 3.63604  Log(L/Lsun)= 1.87430  Age=     0.06648
 in gettau
   304  #SHELLS=3305  LogTeff= 3.63591  Log(L/Lsun)= 1.87596  Age=     0.06667
 in gettau
   305  #SHELLS=3305  LogTeff= 3.63578  Log(L/Lsun)= 1.87760  Age=     0.06687
 in gettau
   306  #SHELLS=3305  LogTeff= 3.63565  Log(L/Lsun)= 1.87922  Age=     0.06706
 in gettau
   307  #SHELLS=3306  LogTeff= 3.63552  Log(L/Lsun)= 1.88083  Age=     0.06725
 in gettau
   308  #SHELLS=3307  LogTeff= 3.63540  Log(L/Lsun)= 1.88243  Age=     0.06745
 in gettau
   309  #SHELLS=3307  LogTeff= 3.63527  Log(L/Lsun)= 1.88402  Age=     0.06764
 in gettau
   310  #SHELLS=3307  LogTeff= 3.63515  Log(L/Lsun)= 1.88560  Age=     0.06783
 in gettau
   311  #SHELLS=3307  LogTeff= 3.63502  Log(L/Lsun)= 1.88716  Age=     0.06802
 in gettau
   312  #SHELLS=3308  LogTeff= 3.63490  Log(L/Lsun)= 1.88871  Age=     0.06820
 in gettau
   313  #SHELLS=3308  LogTeff= 3.63478  Log(L/Lsun)= 1.89025  Age=     0.06839
 in gettau
   314  #SHELLS=3309  LogTeff= 3.63466  Log(L/Lsun)= 1.89179  Age=     0.06858
 in gettau
   315  #SHELLS=3307  LogTeff= 3.63454  Log(L/Lsun)= 1.89331  Age=     0.06876
 in gettau
   316  #SHELLS=3308  LogTeff= 3.63442  Log(L/Lsun)= 1.89482  Age=     0.06895
 in gettau
   317  #SHELLS=3308  LogTeff= 3.63430  Log(L/Lsun)= 1.89633  Age=     0.06913
 in gettau
   318  #SHELLS=3309  LogTeff= 3.63419  Log(L/Lsun)= 1.89783  Age=     0.06932
 in gettau
   319  #SHELLS=3308  LogTeff= 3.63407  Log(L/Lsun)= 1.89932  Age=     0.06950
 in gettau
   320  #SHELLS=3309  LogTeff= 3.63395  Log(L/Lsun)= 1.90081  Age=     0.06968
 in gettau
   321  #SHELLS=3309  LogTeff= 3.63384  Log(L/Lsun)= 1.90230  Age=     0.06986
 in gettau
   322  #SHELLS=3310  LogTeff= 3.63372  Log(L/Lsun)= 1.90377  Age=     0.07004
 in gettau
   323  #SHELLS=3309  LogTeff= 3.63361  Log(L/Lsun)= 1.90525  Age=     0.07022
 in gettau
   324  #SHELLS=3310  LogTeff= 3.63349  Log(L/Lsun)= 1.90672  Age=     0.07040
 in gettau
   325  #SHELLS=3310  LogTeff= 3.63338  Log(L/Lsun)= 1.90819  Age=     0.07058
 in gettau
   326  #SHELLS=3311  LogTeff= 3.63327  Log(L/Lsun)= 1.90966  Age=     0.07075
 in gettau
   327  #SHELLS=3311  LogTeff= 3.63315  Log(L/Lsun)= 1.91113  Age=     0.07093
 in gettau
   328  #SHELLS=3311  LogTeff= 3.63304  Log(L/Lsun)= 1.91260  Age=     0.07110
 in gettau
   329  #SHELLS=3311  LogTeff= 3.63292  Log(L/Lsun)= 1.91407  Age=     0.07128
 in gettau
   330  #SHELLS=3312  LogTeff= 3.63281  Log(L/Lsun)= 1.91554  Age=     0.07145
 in gettau
   331  #SHELLS=3312  LogTeff= 3.63270  Log(L/Lsun)= 1.91701  Age=     0.07163
 in gettau
   332  #SHELLS=3312  LogTeff= 3.63258  Log(L/Lsun)= 1.91848  Age=     0.07180
 in gettau
   333  #SHELLS=3312  LogTeff= 3.63247  Log(L/Lsun)= 1.91996  Age=     0.07197
 in gettau
   334  #SHELLS=3313  LogTeff= 3.63235  Log(L/Lsun)= 1.92144  Age=     0.07214
 in gettau
   335  #SHELLS=3313  LogTeff= 3.63224  Log(L/Lsun)= 1.92292  Age=     0.07231
 in gettau
   336  #SHELLS=3313  LogTeff= 3.63212  Log(L/Lsun)= 1.92440  Age=     0.07248
 in gettau
   337  #SHELLS=3313  LogTeff= 3.63201  Log(L/Lsun)= 1.92589  Age=     0.07265
 in gettau
   338  #SHELLS=3314  LogTeff= 3.63189  Log(L/Lsun)= 1.92739  Age=     0.07282
 in gettau
   339  #SHELLS=3315  LogTeff= 3.63177  Log(L/Lsun)= 1.92889  Age=     0.07298
 in gettau
   340  #SHELLS=3314  LogTeff= 3.63166  Log(L/Lsun)= 1.93039  Age=     0.07315
 in gettau
   341  #SHELLS=3315  LogTeff= 3.63154  Log(L/Lsun)= 1.93190  Age=     0.07332
 in gettau
   342  #SHELLS=3315  LogTeff= 3.63142  Log(L/Lsun)= 1.93341  Age=     0.07348
 in gettau
   343  #SHELLS=3316  LogTeff= 3.63130  Log(L/Lsun)= 1.93493  Age=     0.07365
 in gettau
   344  #SHELLS=3315  LogTeff= 3.63118  Log(L/Lsun)= 1.93646  Age=     0.07381
 in gettau
   345  #SHELLS=3316  LogTeff= 3.63106  Log(L/Lsun)= 1.93799  Age=     0.07397
 in gettau
   346  #SHELLS=3316  LogTeff= 3.63094  Log(L/Lsun)= 1.93953  Age=     0.07414
 in gettau
   347  #SHELLS=3316  LogTeff= 3.63082  Log(L/Lsun)= 1.94107  Age=     0.07430
 in gettau
   348  #SHELLS=3315  LogTeff= 3.63070  Log(L/Lsun)= 1.94262  Age=     0.07446
 in gettau
   349  #SHELLS=3316  LogTeff= 3.63058  Log(L/Lsun)= 1.94418  Age=     0.07462
 in gettau
   350  #SHELLS=3316  LogTeff= 3.63046  Log(L/Lsun)= 1.94574  Age=     0.07478
 in gettau
   351  #SHELLS=3317  LogTeff= 3.63033  Log(L/Lsun)= 1.94731  Age=     0.07494
 in gettau
   352  #SHELLS=3316  LogTeff= 3.63021  Log(L/Lsun)= 1.94889  Age=     0.07509
 in gettau
   353  #SHELLS=3317  LogTeff= 3.63008  Log(L/Lsun)= 1.95047  Age=     0.07525
 in gettau
   354  #SHELLS=3318  LogTeff= 3.62996  Log(L/Lsun)= 1.95206  Age=     0.07541
 in gettau
   355  #SHELLS=3318  LogTeff= 3.62983  Log(L/Lsun)= 1.95366  Age=     0.07556
 in gettau
   356  #SHELLS=3318  LogTeff= 3.62971  Log(L/Lsun)= 1.95527  Age=     0.07572
 in gettau
   357  #SHELLS=3318  LogTeff= 3.62958  Log(L/Lsun)= 1.95688  Age=     0.07587
 in gettau
   358  #SHELLS=3319  LogTeff= 3.62945  Log(L/Lsun)= 1.95850  Age=     0.07603
 in gettau
   359  #SHELLS=3319  LogTeff= 3.62932  Log(L/Lsun)= 1.96013  Age=     0.07618
 in gettau
   360  #SHELLS=3319  LogTeff= 3.62919  Log(L/Lsun)= 1.96176  Age=     0.07633
 in gettau
   361  #SHELLS=3320  LogTeff= 3.62906  Log(L/Lsun)= 1.96341  Age=     0.07648
 in gettau
   362  #SHELLS=3320  LogTeff= 3.62893  Log(L/Lsun)= 1.96506  Age=     0.07663
 in gettau
   363  #SHELLS=3321  LogTeff= 3.62880  Log(L/Lsun)= 1.96672  Age=     0.07678
 in gettau
   364  #SHELLS=3320  LogTeff= 3.62867  Log(L/Lsun)= 1.96838  Age=     0.07693
 in gettau
   365  #SHELLS=3321  LogTeff= 3.62854  Log(L/Lsun)= 1.97006  Age=     0.07708
 in gettau
   366  #SHELLS=3321  LogTeff= 3.62840  Log(L/Lsun)= 1.97174  Age=     0.07723
 in gettau
   367  #SHELLS=3322  LogTeff= 3.62827  Log(L/Lsun)= 1.97343  Age=     0.07738
 in gettau
   368  #SHELLS=3322  LogTeff= 3.62813  Log(L/Lsun)= 1.97513  Age=     0.07752
 in gettau
   369  #SHELLS=3322  LogTeff= 3.62800  Log(L/Lsun)= 1.97684  Age=     0.07767
 in gettau
   370  #SHELLS=3323  LogTeff= 3.62786  Log(L/Lsun)= 1.97855  Age=     0.07781
 in gettau
   371  #SHELLS=3323  LogTeff= 3.62772  Log(L/Lsun)= 1.98027  Age=     0.07796
 in gettau
   372  #SHELLS=3323  LogTeff= 3.62759  Log(L/Lsun)= 1.98200  Age=     0.07810
 in gettau
   373  #SHELLS=3324  LogTeff= 3.62745  Log(L/Lsun)= 1.98374  Age=     0.07825
 in gettau
   374  #SHELLS=3324  LogTeff= 3.62731  Log(L/Lsun)= 1.98549  Age=     0.07839
 in gettau
   375  #SHELLS=3324  LogTeff= 3.62717  Log(L/Lsun)= 1.98724  Age=     0.07853
 in gettau
   376  #SHELLS=3323  LogTeff= 3.62703  Log(L/Lsun)= 1.98901  Age=     0.07867
 in gettau
   377  #SHELLS=3324  LogTeff= 3.62689  Log(L/Lsun)= 1.99078  Age=     0.07881
 in gettau
   378  #SHELLS=3325  LogTeff= 3.62674  Log(L/Lsun)= 1.99256  Age=     0.07895
 in gettau
   379  #SHELLS=3324  LogTeff= 3.62660  Log(L/Lsun)= 1.99435  Age=     0.07909
 in gettau
   380  #SHELLS=3325  LogTeff= 3.62646  Log(L/Lsun)= 1.99615  Age=     0.07923
 in gettau
   381  #SHELLS=3325  LogTeff= 3.62631  Log(L/Lsun)= 1.99796  Age=     0.07936
 in gettau
   382  #SHELLS=3326  LogTeff= 3.62617  Log(L/Lsun)= 1.99977  Age=     0.07950
 in gettau
   383  #SHELLS=3326  LogTeff= 3.62602  Log(L/Lsun)= 2.00160  Age=     0.07964
 in gettau
   384  #SHELLS=3326  LogTeff= 3.62587  Log(L/Lsun)= 2.00343  Age=     0.07977
 in gettau
   385  #SHELLS=3327  LogTeff= 3.62572  Log(L/Lsun)= 2.00527  Age=     0.07991
 in gettau
   386  #SHELLS=3328  LogTeff= 3.62558  Log(L/Lsun)= 2.00712  Age=     0.08004
 in gettau
   387  #SHELLS=3327  LogTeff= 3.62543  Log(L/Lsun)= 2.00898  Age=     0.08017
 in gettau
   388  #SHELLS=3328  LogTeff= 3.62528  Log(L/Lsun)= 2.01085  Age=     0.08030
 in gettau
   389  #SHELLS=3329  LogTeff= 3.62513  Log(L/Lsun)= 2.01273  Age=     0.08044
 in gettau
   390  #SHELLS=3328  LogTeff= 3.62497  Log(L/Lsun)= 2.01462  Age=     0.08057
 in gettau
   391  #SHELLS=3329  LogTeff= 3.62482  Log(L/Lsun)= 2.01652  Age=     0.08070
 in gettau
   392  #SHELLS=3330  LogTeff= 3.62467  Log(L/Lsun)= 2.01842  Age=     0.08083
 in gettau
   393  #SHELLS=3330  LogTeff= 3.62451  Log(L/Lsun)= 2.02034  Age=     0.08096
 in gettau
   394  #SHELLS=3330  LogTeff= 3.62436  Log(L/Lsun)= 2.02226  Age=     0.08108
 in gettau
   395  #SHELLS=3331  LogTeff= 3.62420  Log(L/Lsun)= 2.02420  Age=     0.08121
 in gettau
   396  #SHELLS=3331  LogTeff= 3.62404  Log(L/Lsun)= 2.02614  Age=     0.08134
 in gettau
   397  #SHELLS=3332  LogTeff= 3.62389  Log(L/Lsun)= 2.02809  Age=     0.08146
 in gettau
   398  #SHELLS=3332  LogTeff= 3.62373  Log(L/Lsun)= 2.03006  Age=     0.08159
 in gettau
   399  #SHELLS=3332  LogTeff= 3.62357  Log(L/Lsun)= 2.03203  Age=     0.08171
 in gettau
   400  #SHELLS=3333  LogTeff= 3.62341  Log(L/Lsun)= 2.03401  Age=     0.08184
 in gettau
   401  #SHELLS=3333  LogTeff= 3.62325  Log(L/Lsun)= 2.03601  Age=     0.08196
 in gettau
   402  #SHELLS=3333  LogTeff= 3.62309  Log(L/Lsun)= 2.03801  Age=     0.08208
 in gettau
   403  #SHELLS=3333  LogTeff= 3.62292  Log(L/Lsun)= 2.04002  Age=     0.08221
 in gettau
   404  #SHELLS=3334  LogTeff= 3.62276  Log(L/Lsun)= 2.04204  Age=     0.08233
 in gettau
   405  #SHELLS=3333  LogTeff= 3.62260  Log(L/Lsun)= 2.04408  Age=     0.08245
 in gettau
   406  #SHELLS=3334  LogTeff= 3.62243  Log(L/Lsun)= 2.04612  Age=     0.08257
 in gettau
   407  #SHELLS=3335  LogTeff= 3.62226  Log(L/Lsun)= 2.04817  Age=     0.08269
 in gettau
   408  #SHELLS=3335  LogTeff= 3.62210  Log(L/Lsun)= 2.05023  Age=     0.08280
 in gettau
   409  #SHELLS=3335  LogTeff= 3.62193  Log(L/Lsun)= 2.05231  Age=     0.08292
 in gettau
   410  #SHELLS=3336  LogTeff= 3.62176  Log(L/Lsun)= 2.05439  Age=     0.08304
 in gettau
   411  #SHELLS=3337  LogTeff= 3.62159  Log(L/Lsun)= 2.05648  Age=     0.08316
 in gettau
   412  #SHELLS=3336  LogTeff= 3.62142  Log(L/Lsun)= 2.05859  Age=     0.08327
 in gettau
   413  #SHELLS=3337  LogTeff= 3.62125  Log(L/Lsun)= 2.06071  Age=     0.08339
 in gettau
   414  #SHELLS=3338  LogTeff= 3.62108  Log(L/Lsun)= 2.06283  Age=     0.08350
 in gettau
   415  #SHELLS=3339  LogTeff= 3.62090  Log(L/Lsun)= 2.06497  Age=     0.08361
 in gettau
   416  #SHELLS=3338  LogTeff= 3.62073  Log(L/Lsun)= 2.06711  Age=     0.08373
 in gettau
   417  #SHELLS=3339  LogTeff= 3.62055  Log(L/Lsun)= 2.06927  Age=     0.08384
 in gettau
   418  #SHELLS=3340  LogTeff= 3.62038  Log(L/Lsun)= 2.07144  Age=     0.08395
 in gettau
   419  #SHELLS=3339  LogTeff= 3.62020  Log(L/Lsun)= 2.07362  Age=     0.08406
 in gettau
   420  #SHELLS=3340  LogTeff= 3.62002  Log(L/Lsun)= 2.07581  Age=     0.08417
 in gettau
   421  #SHELLS=3341  LogTeff= 3.61985  Log(L/Lsun)= 2.07801  Age=     0.08428
 in gettau
   422  #SHELLS=3341  LogTeff= 3.61967  Log(L/Lsun)= 2.08023  Age=     0.08439
 in gettau
   423  #SHELLS=3342  LogTeff= 3.61949  Log(L/Lsun)= 2.08245  Age=     0.08450
 in gettau
   424  #SHELLS=3342  LogTeff= 3.61930  Log(L/Lsun)= 2.08469  Age=     0.08461
 in gettau
   425  #SHELLS=3343  LogTeff= 3.61912  Log(L/Lsun)= 2.08693  Age=     0.08471
 in gettau
   426  #SHELLS=3343  LogTeff= 3.61894  Log(L/Lsun)= 2.08919  Age=     0.08482
 in gettau
   427  #SHELLS=3344  LogTeff= 3.61875  Log(L/Lsun)= 2.09146  Age=     0.08493
 in gettau
   428  #SHELLS=3343  LogTeff= 3.61857  Log(L/Lsun)= 2.09374  Age=     0.08503
 in gettau
   429  #SHELLS=3342  LogTeff= 3.61838  Log(L/Lsun)= 2.09604  Age=     0.08513
 in gettau
   430  #SHELLS=3343  LogTeff= 3.61819  Log(L/Lsun)= 2.09834  Age=     0.08524
 in gettau
   431  #SHELLS=3344  LogTeff= 3.61801  Log(L/Lsun)= 2.10066  Age=     0.08534
 in gettau
   432  #SHELLS=3345  LogTeff= 3.61782  Log(L/Lsun)= 2.10299  Age=     0.08544
 in gettau
   433  #SHELLS=3344  LogTeff= 3.61763  Log(L/Lsun)= 2.10533  Age=     0.08555
 in gettau
   434  #SHELLS=3345  LogTeff= 3.61743  Log(L/Lsun)= 2.10768  Age=     0.08565
 in gettau
   435  #SHELLS=3346  LogTeff= 3.61724  Log(L/Lsun)= 2.11004  Age=     0.08575
 in gettau
   436  #SHELLS=3346  LogTeff= 3.61705  Log(L/Lsun)= 2.11242  Age=     0.08585
 in gettau
   437  #SHELLS=3347  LogTeff= 3.61685  Log(L/Lsun)= 2.11481  Age=     0.08595
 in gettau
   438  #SHELLS=3347  LogTeff= 3.61666  Log(L/Lsun)= 2.11721  Age=     0.08604
 in gettau
   439  #SHELLS=3347  LogTeff= 3.61646  Log(L/Lsun)= 2.11962  Age=     0.08614
 in gettau
   440  #SHELLS=3348  LogTeff= 3.61626  Log(L/Lsun)= 2.12205  Age=     0.08624
 in gettau
   441  #SHELLS=3349  LogTeff= 3.61607  Log(L/Lsun)= 2.12448  Age=     0.08633
 in gettau
   442  #SHELLS=3350  LogTeff= 3.61587  Log(L/Lsun)= 2.12693  Age=     0.08643
 in gettau
   443  #SHELLS=3349  LogTeff= 3.61566  Log(L/Lsun)= 2.12939  Age=     0.08653
 in gettau
   444  #SHELLS=3350  LogTeff= 3.61546  Log(L/Lsun)= 2.13187  Age=     0.08662
 in gettau
   445  #SHELLS=3351  LogTeff= 3.61526  Log(L/Lsun)= 2.13436  Age=     0.08671
 in gettau
   446  #SHELLS=3351  LogTeff= 3.61505  Log(L/Lsun)= 2.13686  Age=     0.08681
 in gettau
   447  #SHELLS=3352  LogTeff= 3.61485  Log(L/Lsun)= 2.13937  Age=     0.08690
 in gettau
   448  #SHELLS=3353  LogTeff= 3.61464  Log(L/Lsun)= 2.14189  Age=     0.08699
 in gettau
   449  #SHELLS=3353  LogTeff= 3.61444  Log(L/Lsun)= 2.14443  Age=     0.08708
 in gettau
   450  #SHELLS=3353  LogTeff= 3.61423  Log(L/Lsun)= 2.14698  Age=     0.08717
 in gettau
   451  #SHELLS=3353  LogTeff= 3.61402  Log(L/Lsun)= 2.14954  Age=     0.08726
 in gettau
   452  #SHELLS=3353  LogTeff= 3.61381  Log(L/Lsun)= 2.15212  Age=     0.08735
 in gettau
   453  #SHELLS=3354  LogTeff= 3.61360  Log(L/Lsun)= 2.15471  Age=     0.08744
 in gettau
   454  #SHELLS=3355  LogTeff= 3.61338  Log(L/Lsun)= 2.15731  Age=     0.08753
 in gettau
   455  #SHELLS=3355  LogTeff= 3.61317  Log(L/Lsun)= 2.15992  Age=     0.08762
 in gettau
   456  #SHELLS=3355  LogTeff= 3.61295  Log(L/Lsun)= 2.16254  Age=     0.08770
 in gettau
   457  #SHELLS=3356  LogTeff= 3.61274  Log(L/Lsun)= 2.16518  Age=     0.08779
 in gettau
   458  #SHELLS=3356  LogTeff= 3.61252  Log(L/Lsun)= 2.16783  Age=     0.08788
 in gettau
   459  #SHELLS=3356  LogTeff= 3.61230  Log(L/Lsun)= 2.17049  Age=     0.08796
 in gettau
   460  #SHELLS=3357  LogTeff= 3.61208  Log(L/Lsun)= 2.17316  Age=     0.08805
 in gettau
   461  #SHELLS=3357  LogTeff= 3.61186  Log(L/Lsun)= 2.17584  Age=     0.08813
 in gettau
   462  #SHELLS=3358  LogTeff= 3.61164  Log(L/Lsun)= 2.17851  Age=     0.08821
 in gettau
   463  #SHELLS=3359  LogTeff= 3.61143  Log(L/Lsun)= 2.18114  Age=     0.08829
 in gettau
   464  #SHELLS=3359  LogTeff= 3.61121  Log(L/Lsun)= 2.18375  Age=     0.08837
 in gettau
   465  #SHELLS=3360  LogTeff= 3.61100  Log(L/Lsun)= 2.18632  Age=     0.08845
 in gettau
   466  #SHELLS=3361  LogTeff= 3.61079  Log(L/Lsun)= 2.18887  Age=     0.08852
 in gettau
   467  #SHELLS=3362  LogTeff= 3.61059  Log(L/Lsun)= 2.19138  Age=     0.08859
 in gettau
   468  #SHELLS=3361  LogTeff= 3.61038  Log(L/Lsun)= 2.19386  Age=     0.08867
 in gettau
   469  #SHELLS=3362  LogTeff= 3.61018  Log(L/Lsun)= 2.19631  Age=     0.08874
 in gettau
   470  #SHELLS=3363  LogTeff= 3.60998  Log(L/Lsun)= 2.19873  Age=     0.08880
 in gettau
   471  #SHELLS=3362  LogTeff= 3.60978  Log(L/Lsun)= 2.20112  Age=     0.08887
 in gettau
   472  #SHELLS=3363  LogTeff= 3.60959  Log(L/Lsun)= 2.20348  Age=     0.08894
 in gettau
   473  #SHELLS=3364  LogTeff= 3.60940  Log(L/Lsun)= 2.20581  Age=     0.08900
 in gettau
   474  #SHELLS=3364  LogTeff= 3.60921  Log(L/Lsun)= 2.20811  Age=     0.08906
 in gettau
   475  #SHELLS=3364  LogTeff= 3.60902  Log(L/Lsun)= 2.21037  Age=     0.08912
 in gettau
   476  #SHELLS=3365  LogTeff= 3.60884  Log(L/Lsun)= 2.21261  Age=     0.08918
 in gettau
   477  #SHELLS=3366  LogTeff= 3.60865  Log(L/Lsun)= 2.21481  Age=     0.08924
 in gettau
   478  #SHELLS=3365  LogTeff= 3.60848  Log(L/Lsun)= 2.21699  Age=     0.08930
 in gettau
   479  #SHELLS=3365  LogTeff= 3.60830  Log(L/Lsun)= 2.21913  Age=     0.08936
 in gettau
   480  #SHELLS=3366  LogTeff= 3.60812  Log(L/Lsun)= 2.22125  Age=     0.08941
 in gettau
   481  #SHELLS=3367  LogTeff= 3.60795  Log(L/Lsun)= 2.22333  Age=     0.08947
 in gettau
   482  #SHELLS=3367  LogTeff= 3.60778  Log(L/Lsun)= 2.22539  Age=     0.08952
 in gettau
   483  #SHELLS=3367  LogTeff= 3.60762  Log(L/Lsun)= 2.22742  Age=     0.08957
 in gettau
   484  #SHELLS=3368  LogTeff= 3.60745  Log(L/Lsun)= 2.22941  Age=     0.08962
 in gettau
   485  #SHELLS=3368  LogTeff= 3.60729  Log(L/Lsun)= 2.23138  Age=     0.08967
 in gettau
   486  #SHELLS=3369  LogTeff= 3.60713  Log(L/Lsun)= 2.23332  Age=     0.08972
 in gettau
   487  #SHELLS=3369  LogTeff= 3.60697  Log(L/Lsun)= 2.23523  Age=     0.08977
 in gettau
   488  #SHELLS=3369  LogTeff= 3.60682  Log(L/Lsun)= 2.23712  Age=     0.08982
 in gettau
   489  #SHELLS=3370  LogTeff= 3.60666  Log(L/Lsun)= 2.23897  Age=     0.08987
 in gettau
   490  #SHELLS=3371  LogTeff= 3.60651  Log(L/Lsun)= 2.24080  Age=     0.08991
 in gettau
   491  #SHELLS=3369  LogTeff= 3.60636  Log(L/Lsun)= 2.24260  Age=     0.08996
 in gettau
   492  #SHELLS=3370  LogTeff= 3.60622  Log(L/Lsun)= 2.24437  Age=     0.09000
 in gettau
   493  #SHELLS=3371  LogTeff= 3.60607  Log(L/Lsun)= 2.24612  Age=     0.09005
 in gettau
   494  #SHELLS=3371  LogTeff= 3.60593  Log(L/Lsun)= 2.24784  Age=     0.09009
 in gettau
   495  #SHELLS=3372  LogTeff= 3.60579  Log(L/Lsun)= 2.24953  Age=     0.09013
 in gettau
   496  #SHELLS=3371  LogTeff= 3.60565  Log(L/Lsun)= 2.25120  Age=     0.09017
 in gettau
   497  #SHELLS=3372  LogTeff= 3.60552  Log(L/Lsun)= 2.25284  Age=     0.09022
 in gettau
   498  #SHELLS=3373  LogTeff= 3.60539  Log(L/Lsun)= 2.25446  Age=     0.09026
 in gettau
   499  #SHELLS=3373  LogTeff= 3.60525  Log(L/Lsun)= 2.25605  Age=     0.09030
 in gettau
   500  #SHELLS=3374  LogTeff= 3.60513  Log(L/Lsun)= 2.25762  Age=     0.09034
 in gettau
   501  #SHELLS=3373  LogTeff= 3.60500  Log(L/Lsun)= 2.25916  Age=     0.09037
 in gettau
   502  #SHELLS=3374  LogTeff= 3.60487  Log(L/Lsun)= 2.26069  Age=     0.09041
 in gettau
   503  #SHELLS=3374  LogTeff= 3.60475  Log(L/Lsun)= 2.26220  Age=     0.09045
 in gettau
   504  #SHELLS=3375  LogTeff= 3.60463  Log(L/Lsun)= 2.26368  Age=     0.09049
 in gettau
   505  #SHELLS=3375  LogTeff= 3.60450  Log(L/Lsun)= 2.26515  Age=     0.09052
 in gettau
   506  #SHELLS=3375  LogTeff= 3.60439  Log(L/Lsun)= 2.26661  Age=     0.09056
 in gettau
   507  #SHELLS=3375  LogTeff= 3.60427  Log(L/Lsun)= 2.26804  Age=     0.09060
 in gettau
   508  #SHELLS=3376  LogTeff= 3.60445  Log(L/Lsun)= 2.26607  Age=     0.09064
 in gettau
   509  #SHELLS=3375  LogTeff= 3.60553  Log(L/Lsun)= 2.25438  Age=     0.09070
 in gettau
   510  #SHELLS=3375  LogTeff= 3.60828  Log(L/Lsun)= 2.22384  Age=     0.09077
 in gettau
   511  #SHELLS=3370  LogTeff= 3.61064  Log(L/Lsun)= 2.19628  Age=     0.09085
 in gettau
   512  #SHELLS=3364  LogTeff= 3.61209  Log(L/Lsun)= 2.18072  Age=     0.09090
 in gettau
   513  #SHELLS=3360  LogTeff= 3.61311  Log(L/Lsun)= 2.17010  Age=     0.09096
 in gettau
   514  #SHELLS=3356  LogTeff= 3.61391  Log(L/Lsun)= 2.16106  Age=     0.09102
 in gettau
   515  #SHELLS=3355  LogTeff= 3.61442  Log(L/Lsun)= 2.15517  Age=     0.09111
 in gettau
   516  #SHELLS=3353  LogTeff= 3.61458  Log(L/Lsun)= 2.15312  Age=     0.09120
 in gettau
   517  #SHELLS=3352  LogTeff= 3.61453  Log(L/Lsun)= 2.15359  Age=     0.09129
 in gettau
   518  #SHELLS=3353  LogTeff= 3.61436  Log(L/Lsun)= 2.15550  Age=     0.09138
 in gettau
   519  #SHELLS=3353  LogTeff= 3.61413  Log(L/Lsun)= 2.15811  Age=     0.09146
 in gettau
   520  #SHELLS=3353  LogTeff= 3.61389  Log(L/Lsun)= 2.16100  Age=     0.09155
 in gettau
   521  #SHELLS=3354  LogTeff= 3.61364  Log(L/Lsun)= 2.16395  Age=     0.09164
 in gettau
   522  #SHELLS=3355  LogTeff= 3.61340  Log(L/Lsun)= 2.16685  Age=     0.09173
 in gettau
   523  #SHELLS=3356  LogTeff= 3.61316  Log(L/Lsun)= 2.16969  Age=     0.09181
 in gettau
   524  #SHELLS=3355  LogTeff= 3.61293  Log(L/Lsun)= 2.17245  Age=     0.09190
 in gettau
   525  #SHELLS=3356  LogTeff= 3.61270  Log(L/Lsun)= 2.17514  Age=     0.09198
 in gettau
   526  #SHELLS=3357  LogTeff= 3.61249  Log(L/Lsun)= 2.17778  Age=     0.09207
 in gettau
   527  #SHELLS=3356  LogTeff= 3.61227  Log(L/Lsun)= 2.18039  Age=     0.09215
 in gettau
   528  #SHELLS=3357  LogTeff= 3.61206  Log(L/Lsun)= 2.18296  Age=     0.09223
 in gettau
   529  #SHELLS=3358  LogTeff= 3.61185  Log(L/Lsun)= 2.18551  Age=     0.09232
 in gettau
   530  #SHELLS=3358  LogTeff= 3.61164  Log(L/Lsun)= 2.18803  Age=     0.09240
 in gettau
   531  #SHELLS=3358  LogTeff= 3.61143  Log(L/Lsun)= 2.19055  Age=     0.09248
 in gettau
   532  #SHELLS=3359  LogTeff= 3.61122  Log(L/Lsun)= 2.19305  Age=     0.09256
 in gettau
   533  #SHELLS=3360  LogTeff= 3.61102  Log(L/Lsun)= 2.19554  Age=     0.09264
 in gettau
   534  #SHELLS=3359  LogTeff= 3.61081  Log(L/Lsun)= 2.19803  Age=     0.09272
 in gettau
   535  #SHELLS=3360  LogTeff= 3.61061  Log(L/Lsun)= 2.20052  Age=     0.09280
 in gettau
   536  #SHELLS=3361  LogTeff= 3.61040  Log(L/Lsun)= 2.20301  Age=     0.09288
 in gettau
   537  #SHELLS=3361  LogTeff= 3.61020  Log(L/Lsun)= 2.20550  Age=     0.09295
 in gettau
   538  #SHELLS=3362  LogTeff= 3.60999  Log(L/Lsun)= 2.20799  Age=     0.09303
 in gettau
   539  #SHELLS=3363  LogTeff= 3.60978  Log(L/Lsun)= 2.21050  Age=     0.09311
 in gettau
   540  #SHELLS=3363  LogTeff= 3.60958  Log(L/Lsun)= 2.21301  Age=     0.09319
 in gettau
   541  #SHELLS=3363  LogTeff= 3.60937  Log(L/Lsun)= 2.21553  Age=     0.09326
 in gettau
   542  #SHELLS=3364  LogTeff= 3.60916  Log(L/Lsun)= 2.21807  Age=     0.09334
 in gettau
   543  #SHELLS=3364  LogTeff= 3.60895  Log(L/Lsun)= 2.22059  Age=     0.09341
 in gettau
   544  #SHELLS=3365  LogTeff= 3.60874  Log(L/Lsun)= 2.22310  Age=     0.09348
 in gettau
   545  #SHELLS=3366  LogTeff= 3.60854  Log(L/Lsun)= 2.22558  Age=     0.09355
 in gettau
   546  #SHELLS=3366  LogTeff= 3.60833  Log(L/Lsun)= 2.22804  Age=     0.09362
 in gettau
   547  #SHELLS=3367  LogTeff= 3.60813  Log(L/Lsun)= 2.23048  Age=     0.09369
 in gettau
   548  #SHELLS=3367  LogTeff= 3.60793  Log(L/Lsun)= 2.23290  Age=     0.09376
 in gettau
   549  #SHELLS=3366  LogTeff= 3.60773  Log(L/Lsun)= 2.23530  Age=     0.09382
 in gettau
   550  #SHELLS=3367  LogTeff= 3.60754  Log(L/Lsun)= 2.23767  Age=     0.09388
 in gettau
   551  #SHELLS=3368  LogTeff= 3.60734  Log(L/Lsun)= 2.24003  Age=     0.09394
 in gettau
   552  #SHELLS=3368  LogTeff= 3.60715  Log(L/Lsun)= 2.24237  Age=     0.09400
 in gettau
   553  #SHELLS=3369  LogTeff= 3.60695  Log(L/Lsun)= 2.24469  Age=     0.09406
 in gettau
   554  #SHELLS=3368  LogTeff= 3.60676  Log(L/Lsun)= 2.24700  Age=     0.09412
 in gettau
   555  #SHELLS=3368  LogTeff= 3.60657  Log(L/Lsun)= 2.24928  Age=     0.09417
 in gettau
   556  #SHELLS=3369  LogTeff= 3.60638  Log(L/Lsun)= 2.25154  Age=     0.09423
 in gettau
   557  #SHELLS=3370  LogTeff= 3.60620  Log(L/Lsun)= 2.25379  Age=     0.09428
 in gettau
   558  #SHELLS=3371  LogTeff= 3.60601  Log(L/Lsun)= 2.25602  Age=     0.09434
 in gettau
   559  #SHELLS=3370  LogTeff= 3.60583  Log(L/Lsun)= 2.25823  Age=     0.09439
 in gettau
   560  #SHELLS=3371  LogTeff= 3.60564  Log(L/Lsun)= 2.26043  Age=     0.09444
 in gettau
   561  #SHELLS=3372  LogTeff= 3.60546  Log(L/Lsun)= 2.26261  Age=     0.09449
 in gettau
   562  #SHELLS=3373  LogTeff= 3.60528  Log(L/Lsun)= 2.26477  Age=     0.09453
 in gettau
   563  #SHELLS=3372  LogTeff= 3.60510  Log(L/Lsun)= 2.26691  Age=     0.09458
 in gettau
   564  #SHELLS=3373  LogTeff= 3.60492  Log(L/Lsun)= 2.26904  Age=     0.09463
 in gettau
   565  #SHELLS=3374  LogTeff= 3.60474  Log(L/Lsun)= 2.27116  Age=     0.09467
 in gettau
   566  #SHELLS=3374  LogTeff= 3.60457  Log(L/Lsun)= 2.27325  Age=     0.09471
 in gettau
   567  #SHELLS=3374  LogTeff= 3.60439  Log(L/Lsun)= 2.27534  Age=     0.09476
 in gettau
   568  #SHELLS=3375  LogTeff= 3.60422  Log(L/Lsun)= 2.27740  Age=     0.09480
 in gettau
   569  #SHELLS=3376  LogTeff= 3.60405  Log(L/Lsun)= 2.27946  Age=     0.09484
 in gettau
   570  #SHELLS=3376  LogTeff= 3.60388  Log(L/Lsun)= 2.28149  Age=     0.09488
 in gettau
   571  #SHELLS=3376  LogTeff= 3.60371  Log(L/Lsun)= 2.28352  Age=     0.09492
 in gettau
   572  #SHELLS=3377  LogTeff= 3.60354  Log(L/Lsun)= 2.28552  Age=     0.09496
 in gettau
   573  #SHELLS=3377  LogTeff= 3.60337  Log(L/Lsun)= 2.28752  Age=     0.09500
 in gettau
   574  #SHELLS=3377  LogTeff= 3.60321  Log(L/Lsun)= 2.28949  Age=     0.09503
 in gettau
   575  #SHELLS=3378  LogTeff= 3.60304  Log(L/Lsun)= 2.29146  Age=     0.09507
 in gettau
   576  #SHELLS=3377  LogTeff= 3.60288  Log(L/Lsun)= 2.29341  Age=     0.09511
 in gettau
   577  #SHELLS=3378  LogTeff= 3.60271  Log(L/Lsun)= 2.29535  Age=     0.09514
 in gettau
   578  #SHELLS=3379  LogTeff= 3.60255  Log(L/Lsun)= 2.29727  Age=     0.09518
 in gettau
   579  #SHELLS=3378  LogTeff= 3.60239  Log(L/Lsun)= 2.29918  Age=     0.09521
 in gettau
   580  #SHELLS=3379  LogTeff= 3.60223  Log(L/Lsun)= 2.30108  Age=     0.09524
 in gettau
   581  #SHELLS=3379  LogTeff= 3.60207  Log(L/Lsun)= 2.30296  Age=     0.09527
 in gettau
   582  #SHELLS=3379  LogTeff= 3.60191  Log(L/Lsun)= 2.30484  Age=     0.09531
 in gettau
   583  #SHELLS=3380  LogTeff= 3.60176  Log(L/Lsun)= 2.30669  Age=     0.09534
 in gettau
   584  #SHELLS=3380  LogTeff= 3.60160  Log(L/Lsun)= 2.30854  Age=     0.09537
 in gettau
   585  #SHELLS=3381  LogTeff= 3.60144  Log(L/Lsun)= 2.31037  Age=     0.09540
 in gettau
   586  #SHELLS=3381  LogTeff= 3.60129  Log(L/Lsun)= 2.31219  Age=     0.09543
 in gettau
   587  #SHELLS=3381  LogTeff= 3.60114  Log(L/Lsun)= 2.31400  Age=     0.09545
 in gettau
   588  #SHELLS=3382  LogTeff= 3.60098  Log(L/Lsun)= 2.31579  Age=     0.09548
 in gettau
   589  #SHELLS=3383  LogTeff= 3.60083  Log(L/Lsun)= 2.31758  Age=     0.09551
 in gettau
   590  #SHELLS=3382  LogTeff= 3.60068  Log(L/Lsun)= 2.31935  Age=     0.09554
 in gettau
   591  #SHELLS=3383  LogTeff= 3.60053  Log(L/Lsun)= 2.32111  Age=     0.09556
 in gettau
   592  #SHELLS=3382  LogTeff= 3.60038  Log(L/Lsun)= 2.32285  Age=     0.09559
 in gettau
   593  #SHELLS=3383  LogTeff= 3.60024  Log(L/Lsun)= 2.32459  Age=     0.09561
 in gettau
   594  #SHELLS=3383  LogTeff= 3.60009  Log(L/Lsun)= 2.32631  Age=     0.09564
 in gettau
   595  #SHELLS=3384  LogTeff= 3.59994  Log(L/Lsun)= 2.32802  Age=     0.09566
 in gettau
   596  #SHELLS=3385  LogTeff= 3.59980  Log(L/Lsun)= 2.32972  Age=     0.09569
 in gettau
   597  #SHELLS=3385  LogTeff= 3.59966  Log(L/Lsun)= 2.33141  Age=     0.09571
 in gettau
   598  #SHELLS=3385  LogTeff= 3.59951  Log(L/Lsun)= 2.33308  Age=     0.09573
 in gettau
   599  #SHELLS=3385  LogTeff= 3.59937  Log(L/Lsun)= 2.33475  Age=     0.09576
 in gettau
   600  #SHELLS=3386  LogTeff= 3.59923  Log(L/Lsun)= 2.33640  Age=     0.09578
 in gettau
   601  #SHELLS=3386  LogTeff= 3.59909  Log(L/Lsun)= 2.33804  Age=     0.09580
 in gettau
   602  #SHELLS=3387  LogTeff= 3.59895  Log(L/Lsun)= 2.33967  Age=     0.09582
 in gettau
   603  #SHELLS=3387  LogTeff= 3.59881  Log(L/Lsun)= 2.34128  Age=     0.09584
 in gettau
   604  #SHELLS=3388  LogTeff= 3.59867  Log(L/Lsun)= 2.34289  Age=     0.09587
 in gettau
   605  #SHELLS=3387  LogTeff= 3.59854  Log(L/Lsun)= 2.34449  Age=     0.09589
 in gettau
   606  #SHELLS=3387  LogTeff= 3.59840  Log(L/Lsun)= 2.34607  Age=     0.09591
 in gettau
   607  #SHELLS=3388  LogTeff= 3.59827  Log(L/Lsun)= 2.34764  Age=     0.09593
 in gettau
   608  #SHELLS=3388  LogTeff= 3.59813  Log(L/Lsun)= 2.34920  Age=     0.09594
 in gettau
   609  #SHELLS=3389  LogTeff= 3.59800  Log(L/Lsun)= 2.35075  Age=     0.09596
 in gettau
   610  #SHELLS=3389  LogTeff= 3.59787  Log(L/Lsun)= 2.35229  Age=     0.09598
 in gettau
   611  #SHELLS=3390  LogTeff= 3.59774  Log(L/Lsun)= 2.35381  Age=     0.09600
 in gettau
   612  #SHELLS=3390  LogTeff= 3.59761  Log(L/Lsun)= 2.35533  Age=     0.09602
 in gettau
   613  #SHELLS=3391  LogTeff= 3.59748  Log(L/Lsun)= 2.35684  Age=     0.09604
 in gettau
   614  #SHELLS=3390  LogTeff= 3.59735  Log(L/Lsun)= 2.35833  Age=     0.09605
 in gettau
   615  #SHELLS=3391  LogTeff= 3.59722  Log(L/Lsun)= 2.35981  Age=     0.09607
 in gettau
   616  #SHELLS=3391  LogTeff= 3.59710  Log(L/Lsun)= 2.36128  Age=     0.09609
 in gettau
   617  #SHELLS=3391  LogTeff= 3.59697  Log(L/Lsun)= 2.36274  Age=     0.09610
 in gettau
   618  #SHELLS=3391  LogTeff= 3.59685  Log(L/Lsun)= 2.36419  Age=     0.09612
 in gettau
   619  #SHELLS=3392  LogTeff= 3.59672  Log(L/Lsun)= 2.36563  Age=     0.09614
 in gettau
   620  #SHELLS=3392  LogTeff= 3.59660  Log(L/Lsun)= 2.36705  Age=     0.09615
 in gettau
   621  #SHELLS=3392  LogTeff= 3.59648  Log(L/Lsun)= 2.36847  Age=     0.09617
 in gettau
   622  #SHELLS=3392  LogTeff= 3.59636  Log(L/Lsun)= 2.36987  Age=     0.09618
 in gettau
   623  #SHELLS=3391  LogTeff= 3.59624  Log(L/Lsun)= 2.37127  Age=     0.09620
 in gettau
   624  #SHELLS=3392  LogTeff= 3.59612  Log(L/Lsun)= 2.37265  Age=     0.09621
 in gettau
   625  #SHELLS=3392  LogTeff= 3.59600  Log(L/Lsun)= 2.37402  Age=     0.09623
 in gettau
   626  #SHELLS=3393  LogTeff= 3.59588  Log(L/Lsun)= 2.37538  Age=     0.09624
 in gettau
   627  #SHELLS=3393  LogTeff= 3.59576  Log(L/Lsun)= 2.37673  Age=     0.09626
 in gettau
   628  #SHELLS=3394  LogTeff= 3.59565  Log(L/Lsun)= 2.37807  Age=     0.09627
 in gettau
   629  #SHELLS=3394  LogTeff= 3.59553  Log(L/Lsun)= 2.37940  Age=     0.09628
 in gettau
   630  #SHELLS=3395  LogTeff= 3.59542  Log(L/Lsun)= 2.38071  Age=     0.09630
 in gettau
   631  #SHELLS=3395  LogTeff= 3.59530  Log(L/Lsun)= 2.38202  Age=     0.09631
 in gettau
   632  #SHELLS=3395  LogTeff= 3.59519  Log(L/Lsun)= 2.38331  Age=     0.09632
 in gettau
   633  #SHELLS=3395  LogTeff= 3.59508  Log(L/Lsun)= 2.38460  Age=     0.09634
 in gettau
   634  #SHELLS=3395  LogTeff= 3.59497  Log(L/Lsun)= 2.38587  Age=     0.09635
 in gettau
   635  #SHELLS=3396  LogTeff= 3.59486  Log(L/Lsun)= 2.38713  Age=     0.09636
 in gettau
   636  #SHELLS=3396  LogTeff= 3.59475  Log(L/Lsun)= 2.38838  Age=     0.09637
 in gettau
   637  #SHELLS=3396  LogTeff= 3.59464  Log(L/Lsun)= 2.38962  Age=     0.09639
 in gettau
   638  #SHELLS=3396  LogTeff= 3.59453  Log(L/Lsun)= 2.39085  Age=     0.09640
 in gettau
   639  #SHELLS=3396  LogTeff= 3.59443  Log(L/Lsun)= 2.39207  Age=     0.09641
 in gettau
   640  #SHELLS=3397  LogTeff= 3.59432  Log(L/Lsun)= 2.39328  Age=     0.09642
 in gettau
   641  #SHELLS=3397  LogTeff= 3.59422  Log(L/Lsun)= 2.39448  Age=     0.09643
 in gettau
   642  #SHELLS=3398  LogTeff= 3.59411  Log(L/Lsun)= 2.39566  Age=     0.09644
 in gettau
   643  #SHELLS=3398  LogTeff= 3.59401  Log(L/Lsun)= 2.39684  Age=     0.09646
 in gettau
   644  #SHELLS=3398  LogTeff= 3.59391  Log(L/Lsun)= 2.39801  Age=     0.09647
 in gettau
   645  #SHELLS=3399  LogTeff= 3.59381  Log(L/Lsun)= 2.39916  Age=     0.09648
 in gettau
   646  #SHELLS=3398  LogTeff= 3.59371  Log(L/Lsun)= 2.40031  Age=     0.09649
 in gettau
   647  #SHELLS=3398  LogTeff= 3.59361  Log(L/Lsun)= 2.40144  Age=     0.09650
 in gettau
   648  #SHELLS=3399  LogTeff= 3.59351  Log(L/Lsun)= 2.40256  Age=     0.09651
 in gettau
   649  #SHELLS=3399  LogTeff= 3.59338  Log(L/Lsun)= 2.40401  Age=     0.09652
 in gettau
   650  #SHELLS=3400  LogTeff= 3.59322  Log(L/Lsun)= 2.40587  Age=     0.09654
 in gettau
   651  #SHELLS=3400  LogTeff= 3.59301  Log(L/Lsun)= 2.40826  Age=     0.09656
 in gettau
   652  #SHELLS=3401  LogTeff= 3.59274  Log(L/Lsun)= 2.41133  Age=     0.09659
 in gettau
   653  #SHELLS=3400  LogTeff= 3.59240  Log(L/Lsun)= 2.41527  Age=     0.09663
 in gettau
   654  #SHELLS=3400  LogTeff= 3.59200  Log(L/Lsun)= 2.41984  Age=     0.09668
 in gettau
   655  #SHELLS=3402  LogTeff= 3.59159  Log(L/Lsun)= 2.42449  Age=     0.09672
 in gettau
   656  #SHELLS=3404  LogTeff= 3.59118  Log(L/Lsun)= 2.42913  Age=     0.09676
 in gettau
   657  #SHELLS=3404  LogTeff= 3.59077  Log(L/Lsun)= 2.43373  Age=     0.09681
 in gettau
   658  #SHELLS=3406  LogTeff= 3.59037  Log(L/Lsun)= 2.43823  Age=     0.09685
 in gettau
   659  #SHELLS=3405  LogTeff= 3.58999  Log(L/Lsun)= 2.44258  Age=     0.09689
 in gettau
   660  #SHELLS=3407  LogTeff= 3.58964  Log(L/Lsun)= 2.44650  Age=     0.09693
 in gettau
   661  #SHELLS=3407  LogTeff= 3.58939  Log(L/Lsun)= 2.44939  Age=     0.09698
 in gettau
   662  #SHELLS=3407  LogTeff= 3.58937  Log(L/Lsun)= 2.44980  Age=     0.09702
 in gettau
   663  #SHELLS=3408  LogTeff= 3.58995  Log(L/Lsun)= 2.44377  Age=     0.09706
CENTRAL Y   0.3835E-03 BELOW STOP VALUE   0.4000E-03
